<?xml version="1.0" encoding="UTF-8"?>
<!-- Generated by org.testng.reporters.JUnitReportReporter -->
<testsuite skipped="0" hostname="DESKTOP-OQCEQJM" name="com.crm.testcases.CompaniesTest" tests="1" failures="0" timestamp="2020-05-02T06:51:58 EDT" time="41.002" errors="0">
  <testcase name="testSignOut" time="41.002" classname="com.crm.testcases.CompaniesTest"/>
  <system-out/>
</testsuite> <!-- com.crm.testcases.CompaniesTest -->
