<?xml version="1.0" encoding="UTF-8"?>
<!-- Generated by org.testng.reporters.JUnitReportReporter -->
<testsuite skipped="0" hostname="DESKTOP-OQCEQJM" name="com.crm.testcases.LoginTest" tests="1" failures="0" timestamp="2020-05-02T06:51:58 EDT" time="16.229" errors="0">
  <testcase name="testLoginInCRM" time="16.229" classname="com.crm.testcases.LoginTest"/>
  <system-out/>
</testsuite> <!-- com.crm.testcases.LoginTest -->
