<?xml version="1.0" encoding="UTF-8"?>
<!-- Generated by org.testng.reporters.JUnitReportReporter -->
<testsuite skipped="0" hostname="DESKTOP-OQCEQJM" name="com.crm.testcases.TestClass" tests="4" failures="0" timestamp="2020-04-17T10:23:22 EDT" time="0.013" errors="0">
  <testcase name="testing" time="0.001" classname="com.crm.testcases.TestClass"/>
  <system-out/>
  <testcase name="testing" time="0.008" classname="com.crm.testcases.TestClass"/>
  <system-out/>
  <testcase name="testing" time="0.002" classname="com.crm.testcases.TestClass"/>
  <system-out/>
  <testcase name="testing" time="0.002" classname="com.crm.testcases.TestClass"/>
  <system-out/>
</testsuite> <!-- com.crm.testcases.TestClass -->
