<?xml version="1.0" encoding="UTF-8"?>
<!-- Generated by org.testng.reporters.JUnitReportReporter -->
<testsuite skipped="0" hostname="DESKTOP-OQCEQJM" name="com.crm.testcases.HomeTest" tests="2" failures="0" timestamp="2020-04-21T13:54:58 EDT" time="36.094" errors="0">
  <testcase name="testHomePageHeaderDropdownLinks" time="18.098" classname="com.crm.testcases.HomeTest"/>
  <system-out/>
  <testcase name="testHomePageUrl" time="17.996" classname="com.crm.testcases.HomeTest"/>
  <system-out/>
</testsuite> <!-- com.crm.testcases.HomeTest -->
