<?xml version="1.0" encoding="UTF-8"?>
<!-- Generated by org.testng.reporters.JUnitReportReporter -->
<testsuite skipped="0" hostname="DESKTOP-OQCEQJM" name="com.crm.testcases.ContactsTest" tests="7" failures="0" timestamp="2020-05-02T06:51:58 EDT" time="274.243" errors="0">
  <testcase name="testContactsTitle" time="27.861" classname="com.crm.testcases.ContactsTest"/>
  <system-out/>
  <testcase name="testcreateContacts" time="37.816" classname="com.crm.testcases.ContactsTest"/>
  <system-out/>
  <testcase name="testcreateContacts" time="42.056" classname="com.crm.testcases.ContactsTest"/>
  <system-out/>
  <testcase name="testcreateContacts" time="41.423" classname="com.crm.testcases.ContactsTest"/>
  <system-out/>
  <testcase name="testcreateContacts" time="40.549" classname="com.crm.testcases.ContactsTest"/>
  <system-out/>
  <testcase name="testcreateContacts" time="39.247" classname="com.crm.testcases.ContactsTest"/>
  <system-out/>
  <testcase name="testIfContactsCreated" time="45.291" classname="com.crm.testcases.ContactsTest"/>
  <system-out/>
</testsuite> <!-- com.crm.testcases.ContactsTest -->
