<?xml version="1.0" encoding="UTF-8"?>
<!-- Generated by org.testng.reporters.JUnitReportReporter -->
<testsuite skipped="0" hostname="DESKTOP-OQCEQJM" name="com.freecrm.base.Test11" tests="2" failures="0" timestamp="2020-04-20T13:31:55 EDT" time="0.012" errors="0">
  <testcase name="test1" time="0.010" classname="com.freecrm.base.Test11"/>
  <system-out/>
  <testcase name="test2" time="0.002" classname="com.freecrm.base.Test11"/>
  <system-out/>
</testsuite> <!-- com.freecrm.base.Test11 -->
