<?xml version="1.0" encoding="UTF-8"?>
<!-- Generated by org.testng.reporters.JUnitReportReporter -->
<testsuite skipped="0" hostname="DESKTOP-OQCEQJM" name="com.crm.testcases.ContactsTest" tests="7" failures="0" timestamp="2020-04-21T13:54:58 EDT" time="284.386" errors="0">
  <testcase name="testContactsTitle" time="41.872" classname="com.crm.testcases.ContactsTest"/>
  <system-out/>
  <testcase name="testcreateContacts" time="44.663" classname="com.crm.testcases.ContactsTest"/>
  <system-out/>
  <testcase name="testcreateContacts" time="28.288" classname="com.crm.testcases.ContactsTest"/>
  <system-out/>
  <testcase name="testcreateContacts" time="25.663" classname="com.crm.testcases.ContactsTest"/>
  <system-out/>
  <testcase name="testcreateContacts" time="28.069" classname="com.crm.testcases.ContactsTest"/>
  <system-out/>
  <testcase name="testcreateContacts" time="65.314" classname="com.crm.testcases.ContactsTest"/>
  <system-out/>
  <testcase name="testIfContactsCreated" time="50.517" classname="com.crm.testcases.ContactsTest"/>
  <system-out/>
</testsuite> <!-- com.crm.testcases.ContactsTest -->
