<?xml version="1.0" encoding="UTF-8"?>
<!-- Generated by org.testng.reporters.JUnitReportReporter -->
<testsuite skipped="0" hostname="DESKTOP-OQCEQJM" name="com.crm.testcases.HomeTest" tests="2" failures="0" timestamp="2020-05-02T06:51:58 EDT" time="50.843" errors="0">
  <testcase name="testHomePageHeaderDropdownLinks" time="27.079" classname="com.crm.testcases.HomeTest"/>
  <system-out/>
  <testcase name="testHomePageUrl" time="23.764" classname="com.crm.testcases.HomeTest"/>
  <system-out/>
</testsuite> <!-- com.crm.testcases.HomeTest -->
