<?xml version="1.0" encoding="UTF-8"?>
<!-- Generated by org.testng.reporters.JUnitReportReporter -->
<testsuite skipped="0" hostname="DESKTOP-OQCEQJM" name="com.crm.testcases.HomeTest" tests="1" failures="0" timestamp="2020-04-21T13:47:14 EDT" time="19.901" errors="0">
  <testcase name="testHomePageUrl" time="19.901" classname="com.crm.testcases.HomeTest"/>
  <system-out/>
</testsuite> <!-- com.crm.testcases.HomeTest -->
