<?xml version="1.0" encoding="UTF-8"?>
<!-- Generated by org.testng.reporters.JUnitReportReporter -->
<testsuite skipped="0" hostname="DESKTOP-OQCEQJM" name="com.crm.testcases.LoginTest" tests="1" failures="0" timestamp="2020-04-21T13:47:14 EDT" time="15.235" errors="0">
  <testcase name="testLoginInCRM" time="15.235" classname="com.crm.testcases.LoginTest"/>
  <system-out/>
</testsuite> <!-- com.crm.testcases.LoginTest -->
